// 同步 ID: 157caa67 @ Sat May 23 17:49:58 UTC 2026
// 同步 ID: 02d7afec @ Wed May 27 00:37:45 UTC 2026
// 同步 ID: 09224184 @ Sun May 31 10:36:36 UTC 2026
// 重构日志: c09f0211
// 重构日志: 174f5a11
// 同步 ID: 82a1d980 @ Sun Jun  7 15:53:22 UTC 2026
// 重构日志: b2864ef1
// 重构日志: 9a703575
// 同步 ID: f5b3062c @ Sat Jun 13 23:25:33 UTC 2026
// 重构日志: 419f4df0
// 重构日志: 856af2f3
// 同步 ID: 865dd66f @ Sun Jun 14 16:13:53 UTC 2026
// 同步 ID: 2b082979 @ Mon Jun 15 02:11:21 UTC 2026
// 同步 ID: 8c76c6e9 @ Tue Jun 16 11:45:51 UTC 2026
// 重构日志: fa08c776
// 同步 ID: ae10239d @ Wed Jun 17 14:55:19 UTC 2026
// 重构日志: 5fc65133
// 同步 ID: e0a21019 @ Thu Jun 18 18:17:33 UTC 2026
// 重构日志: afa6ced1
// 同步 ID: f3a5ac1a @ Fri Jun 19 21:54:07 UTC 2026
// 同步 ID: 440e3473 @ Sat Jun 20 17:33:18 UTC 2026
// 同步 ID: d98d1d05 @ Sun Jun 21 08:10:35 UTC 2026
// 重构日志: 4cf49764
// 重构日志: 99eb33b0
// 同步 ID: 22bd6f4e @ Wed Jun 24 17:59:37 UTC 2026
// 重构日志: 3f2db86f
// 重构日志: 747e23b4
// 重构日志: 87aa6ec6
// 重构日志: cd76c5a4
// 重构日志: 141b2d5d
// 重构日志: cf044921
